e:\work\contacts\contacts\x64\debug\contact.obj
e:\work\contacts\contacts\x64\debug\qrc_mainwindow.obj
e:\work\contacts\contacts\x64\debug\moc_mainwindow.obj
e:\work\contacts\contacts\x64\debug\mainwindow.obj
e:\work\contacts\contacts\x64\debug\main.obj
e:\work\contacts\contacts\x64\debug\addressbook.obj
e:\work\contacts\contacts\x64\debug\vc140.pdb
e:\work\contacts\contacts\x64\debug\uic\ui_mainwindow.h
e:\work\contacts\contacts\x64\debug\rcc\qrc_mainwindow.cpp
e:\work\contacts\contacts\x64\debug\moc\moc_mainwindow.cpp
e:\work\contacts\x64\debug\contacts.ilk
e:\work\contacts\x64\debug\contacts.exe
e:\work\contacts\x64\debug\contacts.pdb
e:\work\contacts\contacts\x64\debug\\moc\moc_mainwindow.cpp
e:\work\contacts\contacts\x64\debug\\rcc\qrc_mainwindow.cpp
e:\work\contacts\contacts\x64\debug\\uic\ui_mainwindow.h
e:\work\contacts\contacts\x64\debug\contacts.tlog\cl.command.1.tlog
e:\work\contacts\contacts\x64\debug\contacts.tlog\cl.read.1.tlog
e:\work\contacts\contacts\x64\debug\contacts.tlog\cl.write.1.tlog
e:\work\contacts\contacts\x64\debug\contacts.tlog\contacts.write.1u.tlog
e:\work\contacts\contacts\x64\debug\contacts.tlog\link.command.1.tlog
e:\work\contacts\contacts\x64\debug\contacts.tlog\link.read.1.tlog
e:\work\contacts\contacts\x64\debug\contacts.tlog\link.write.1.tlog
e:\work\contacts\contacts\x64\debug\contacts.tlog\moc.read.1u.tlog
e:\work\contacts\contacts\x64\debug\contacts.tlog\moc.write.1u.tlog
e:\work\contacts\contacts\x64\debug\contacts.tlog\rcc.read.1u.tlog
e:\work\contacts\contacts\x64\debug\contacts.tlog\rcc.write.1u.tlog
e:\work\contacts\contacts\x64\debug\contacts.tlog\uic.read.1u.tlog
e:\work\contacts\contacts\x64\debug\contacts.tlog\uic.write.1u.tlog
